14/08/23 09:23:54 PM Monday - WebDriverClass - INFO : Chrome Driver is Initialising
14/08/23 09:23:56 PM Monday - BaseClass - INFO : Web Page Launch with http://www.dummypoint.com/seleniumtemplate.html
14/08/23 09:23:56 PM Monday - BaseClass - INFO : Web Element found with locator value Form using locator type link text
14/08/23 09:23:57 PM Monday - BaseClass - INFO : Click On Web Element with locator value Form using locator type link
14/08/23 09:23:57 PM Monday - BaseClass - INFO : Web Element found with locator value reused_form using locator type id
14/08/23 09:23:57 PM Monday - BaseClass - INFO :  Web Element is Displayed web page with locator value reused_form using locator type id
14/08/23 09:23:59 PM Monday - BaseClass - INFO : Web Element found with locator value name using locator type id
14/08/23 09:23:59 PM Monday - BaseClass - INFO : Send the text Sudeep in Web Element with locator value name using locator type id
14/08/23 09:23:59 PM Monday - BaseClass - INFO : Web Element found with locator value email using locator type id
14/08/23 09:24:00 PM Monday - BaseClass - INFO : Send the text Sudeep@appscrip.co in Web Element with locator value email using locator type id
14/08/23 09:24:00 PM Monday - BaseClass - INFO : Web Element found with locator value //input[@value='male'] using locator type xpath
14/08/23 09:24:00 PM Monday - BaseClass - INFO : Click On Web Element with locator value //input[@value='male'] using locator type xpath
14/08/23 09:24:00 PM Monday - BaseClass - INFO : Web Element found with locator value tech using locator type id
14/08/23 09:24:00 PM Monday - BaseClass - INFO : Send the text SDET in Web Element with locator value tech using locator type id
14/08/23 09:24:00 PM Monday - BaseClass - INFO : Web Element found with locator value message using locator type id
14/08/23 09:24:00 PM Monday - BaseClass - INFO : Send the text Hello I am Sudeep, and SDET in Web Element with locator value message using locator type id
14/08/23 09:24:00 PM Monday - BaseClass - INFO : Web Element found with locator value captcha_image using locator type id
14/08/23 09:24:00 PM Monday - BaseClass - INFO : Got the text SGH456 in Web Element with locator value captcha_image using locator type id
14/08/23 09:24:00 PM Monday - BaseClass - INFO : Web Element found with locator value captcha using locator type id
14/08/23 09:24:00 PM Monday - BaseClass - INFO : Send the text SGH456 in Web Element with locator value captcha using locator type id
14/08/23 09:24:00 PM Monday - BaseClass - INFO : Web Element found with locator value //button[@id='btnContactUs'] using locator type xpath
14/08/23 09:24:01 PM Monday - BaseClass - INFO : Scrolled to WebElement with locator value //button[@id='btnContactUs'] using locator type xpath
14/08/23 09:24:01 PM Monday - BaseClass - INFO : Web Element found with locator value //button[@id='btnContactUs'] using locator type xpath
14/08/23 09:24:01 PM Monday - BaseClass - INFO : Click On Web Element with locator value //button[@id='btnContactUs'] using locator type xpath
14/08/23 09:24:10 PM Monday - WebDriverClass - INFO : Chrome Driver is Initialising
14/08/23 09:24:11 PM Monday - BaseClass - INFO : Web Page Launch with http://www.dummypoint.com/seleniumtemplate.html
14/08/23 09:24:11 PM Monday - BaseClass - INFO : Web Element found with locator value Locators using locator type link text
14/08/23 09:24:12 PM Monday - BaseClass - INFO : Click On Web Element with locator value Locators using locator type link
14/08/23 09:24:14 PM Monday - BaseClass - INFO : Web Element found with locator value user_input using locator type id
14/08/23 09:24:14 PM Monday - BaseClass - INFO : Send the text Sudeep Yadav in Web Element with locator value user_input using locator type id
14/08/23 09:24:14 PM Monday - BaseClass - INFO : Web Element found with locator value submitbutton using locator type id
14/08/23 09:24:14 PM Monday - BaseClass - INFO : Click On Web Element with locator value submitbutton using locator type id
14/08/23 09:27:09 PM Monday - WebDriverClass - INFO : Chrome Driver is Initialising
14/08/23 09:27:12 PM Monday - BaseClass - INFO : Web Page Launch with http://www.dummypoint.com/seleniumtemplate.html
14/08/23 09:27:12 PM Monday - BaseClass - INFO : Web Element found with locator value Locators using locator type link text
14/08/23 09:27:12 PM Monday - BaseClass - INFO : Click On Web Element with locator value Locators using locator type link
14/08/23 09:27:47 PM Monday - WebDriverClass - INFO : Chrome Driver is Initialising
14/08/23 09:27:48 PM Monday - BaseClass - INFO : Web Page Launch with http://www.dummypoint.com/seleniumtemplate.html
14/08/23 09:27:48 PM Monday - BaseClass - INFO : Web Element found with locator value Locators using locator type link text
14/08/23 09:27:49 PM Monday - BaseClass - INFO : Click On Web Element with locator value Locators using locator type link
